<?xml version="1.0" encoding="UTF-8"?>
<!-- Generated by org.testng.reporters.JUnitReportReporter -->
<testsuite skipped="0" hostname="SatishSathya" name="testng.Login" tests="4" failures="0" timestamp="2019-12-21T19:00:46 IST" time="39.446" errors="0">
  <testcase name="ValidCredintials" time="9.684" classname="testng.Login"/>
  <testcase name="ValidCredintials" time="9.317" classname="testng.Login"/>
  <testcase name="ValidCredintials" time="9.490" classname="testng.Login"/>
  <testcase name="ValidCredintials" time="10.955" classname="testng.Login"/>
</testsuite> <!-- testng.Login -->
