<?xml version="1.0" encoding="UTF-8"?>
<!-- Generated by org.testng.reporters.JUnitReportReporter -->
<testsuite skipped="0" hostname="SatishSathya" name="testng.Amazonweb" tests="1" failures="0" timestamp="2019-12-22T10:53:39 IST" time="19.459" errors="0">
  <testcase name="Login" time="19.459" classname="testng.Amazonweb"/>
</testsuite> <!-- testng.Amazonweb -->
