<?xml version="1.0" encoding="UTF-8"?>
<!-- Generated by org.testng.reporters.JUnitReportReporter -->
<testsuite skipped="0" hostname="SatishSathya" name="testng.Registration" tests="2" failures="0" timestamp="2019-12-21T19:00:46 IST" time="0.004" errors="0">
  <testcase name="CreateUser" time="0.002" classname="testng.Registration"/>
  <testcase name="CreateGroups" time="0.002" classname="testng.Registration"/>
</testsuite> <!-- testng.Registration -->
