<?xml version="1.0" encoding="UTF-8"?>
<!-- Generated by org.testng.reporters.JUnitReportReporter -->
<testsuite skipped="0" hostname="SatishSathya" name="frameWork.Logintest" tests="1" failures="0" timestamp="2020-01-27T11:23:15 IST" time="3.780" errors="0">
  <testcase name="loginApp" time="3.780" classname="frameWork.Logintest"/>
</testsuite> <!-- frameWork.Logintest -->
