<?xml version="1.0" encoding="UTF-8"?>
<!-- Generated by org.testng.reporters.JUnitReportReporter -->
<testsuite skipped="0" hostname="SatishSathya" name="frameWork.CreateProjectTest" tests="1" failures="0" timestamp="2020-01-28T18:51:04 IST" time="1.940" errors="0">
  <testcase name="createproject" time="1.940" classname="frameWork.CreateProjectTest"/>
</testsuite> <!-- frameWork.CreateProjectTest -->
