<?xml version="1.0" encoding="UTF-8"?>
<!-- Generated by org.testng.reporters.JUnitReportReporter -->
<testsuite skipped="0" hostname="SatishSathya" name="testng.CreateCustomer" tests="1" failures="0" timestamp="2020-01-23T14:12:27 IST" time="1.697" errors="0">
  <testcase name="testCreateCustomer" time="1.697" classname="testng.CreateCustomer"/>
</testsuite> <!-- testng.CreateCustomer -->
