<?xml version="1.0" encoding="UTF-8"?>
<!-- Generated by org.testng.reporters.JUnitReportReporter -->
<testsuite skipped="0" hostname="SatishSathya" name="testng.Amazontest" tests="1" failures="0" timestamp="2019-12-22T17:53:01 IST" time="6.588" errors="0">
  <testcase name="TestSelectProduct" time="6.588" classname="testng.Amazontest"/>
</testsuite> <!-- testng.Amazontest -->
