<?xml version="1.0" encoding="UTF-8"?>
<!-- Generated by org.testng.reporters.JUnitReportReporter -->
<testsuite skipped="0" hostname="SatishSathya" name="sampleprogram.Testcase2" tests="1" failures="0" timestamp="2019-12-21T18:41:41 IST" time="13.106" errors="0">
  <testcase name="Login" time="13.106" classname="sampleprogram.Testcase2"/>
</testsuite> <!-- sampleprogram.Testcase2 -->
