<?xml version="1.0" encoding="UTF-8"?>
<!-- Generated by org.testng.reporters.JUnitReportReporter -->
<testsuite skipped="0" hostname="SatishSathya" name="frameWork.CreateCustomerTest" tests="1" failures="0" timestamp="2020-01-23T13:23:24 IST" time="3.088" errors="0">
  <testcase name="createcustomer" time="3.088" classname="frameWork.CreateCustomerTest"/>
</testsuite> <!-- frameWork.CreateCustomerTest -->
